  [1m[35m (22.2ms)[0m  [1m[35mDROP DATABASE IF EXISTS "railsblogapp_development"[0m
  [1m[35m (0.4ms)[0m  [1m[35mDROP DATABASE IF EXISTS "railsblogapp_test"[0m
  [1m[35m (845.0ms)[0m  [1m[35mCREATE DATABASE "railsblogapp_development" ENCODING = 'unicode'[0m
  [1m[35m (73.1ms)[0m  [1m[35mCREATE DATABASE "railsblogapp_test" ENCODING = 'unicode'[0m
  [1m[35m (27.5ms)[0m  [1m[35mCREATE TABLE "schema_migrations" ("version" character varying NOT NULL PRIMARY KEY)[0m
  [1m[35m (15.2ms)[0m  [1m[35mCREATE TABLE "ar_internal_metadata" ("key" character varying NOT NULL PRIMARY KEY, "value" character varying, "created_at" timestamp(6) NOT NULL, "updated_at" timestamp(6) NOT NULL)[0m
  [1m[35m (15.2ms)[0m  [1m[34mSELECT pg_try_advisory_lock(2273957171711955660)[0m
  [1m[36mActiveRecord::SchemaMigration Pluck (1.3ms)[0m  [1m[34mSELECT "schema_migrations"."version" FROM "schema_migrations" ORDER BY "schema_migrations"."version" ASC[0m
  [1m[36mActiveRecord::InternalMetadata Load (0.9ms)[0m  [1m[34mSELECT "ar_internal_metadata".* FROM "ar_internal_metadata" WHERE "ar_internal_metadata"."key" = $1 LIMIT $2[0m  [["key", "environment"], ["LIMIT", 1]]
  [1m[36mTRANSACTION (0.6ms)[0m  [1m[35mBEGIN[0m
  [1m[36mActiveRecord::InternalMetadata Create (1.2ms)[0m  [1m[32mINSERT INTO "ar_internal_metadata" ("key", "value", "created_at", "updated_at") VALUES ($1, $2, $3, $4) RETURNING "key"[0m  [["key", "environment"], ["value", "development"], ["created_at", "2023-04-15 15:07:09.612356"], ["updated_at", "2023-04-15 15:07:09.612356"]]
  [1m[36mTRANSACTION (1.1ms)[0m  [1m[35mCOMMIT[0m
  [1m[35m (0.7ms)[0m  [1m[34mSELECT pg_advisory_unlock(2273957171711955660)[0m
  [1m[36mActiveRecord::SchemaMigration Pluck (0.5ms)[0m  [1m[34mSELECT "schema_migrations"."version" FROM "schema_migrations" ORDER BY "schema_migrations"."version" ASC[0m
Started GET "/" for ::1 at 2023-04-15 15:07:23 +0000
  [1m[36mActiveRecord::SchemaMigration Pluck (0.5ms)[0m  [1m[34mSELECT "schema_migrations"."version" FROM "schema_migrations" ORDER BY "schema_migrations"."version" ASC[0m
Processing by Rails::WelcomeController#index as HTML
  Rendering /home/robert/.asdf/installs/ruby/3.2.2/lib/ruby/gems/3.2.0/gems/railties-7.0.4.3/lib/rails/templates/rails/welcome/index.html.erb
  Rendered /home/robert/.asdf/installs/ruby/3.2.2/lib/ruby/gems/3.2.0/gems/railties-7.0.4.3/lib/rails/templates/rails/welcome/index.html.erb (Duration: 17.0ms | Allocations: 634)
Completed 200 OK in 51ms (Views: 24.9ms | ActiveRecord: 0.0ms | Allocations: 5329)


